[0.243s] DEBUG:colcon:Command line arguments: ['/usr/bin/colcon', 'build', '--packages-select', 'endofeed', 'infer']
[0.243s] DEBUG:colcon:Parsed command line arguments: Namespace(log_base=None, log_level=None, verb_name='build', build_base='build', install_base='install', merge_install=False, symlink_install=False, test_result_base=None, continue_on_error=False, executor='parallel', parallel_workers=1, event_handlers=None, ignore_user_meta=False, metas=['./colcon.meta'], base_paths=['.'], packages_ignore=None, packages_ignore_regex=None, paths=None, packages_up_to=None, packages_up_to_regex=None, packages_above=None, packages_above_and_dependencies=None, packages_above_depth=None, packages_select_by_dep=None, packages_skip_by_dep=None, packages_skip_up_to=None, packages_select_build_failed=False, packages_skip_build_finished=False, packages_select_test_failures=False, packages_skip_test_passed=False, packages_select=['endofeed', 'infer'], packages_skip=None, packages_select_regex=None, packages_skip_regex=None, packages_start=None, packages_end=None, cmake_args=None, cmake_target=None, cmake_target_skip_unavailable=False, cmake_clean_cache=False, cmake_clean_first=False, cmake_force_configure=False, ament_cmake_args=None, catkin_cmake_args=None, catkin_skip_building_tests=False, verb_parser=<colcon_defaults.argument_parser.defaults.DefaultArgumentsDecorator object at 0x79feb12ccd70>, verb_extension=<colcon_core.verb.build.BuildVerb object at 0x79feb13f13d0>, main=<bound method BuildVerb.main of <colcon_core.verb.build.BuildVerb object at 0x79feb13f13d0>>)
[0.358s] Level 1:colcon.colcon_core.package_discovery:discover_packages(colcon_meta) check parameters
[0.358s] Level 1:colcon.colcon_core.package_discovery:discover_packages(recursive) check parameters
[0.358s] Level 1:colcon.colcon_core.package_discovery:discover_packages(ignore) check parameters
[0.358s] Level 1:colcon.colcon_core.package_discovery:discover_packages(path) check parameters
[0.358s] Level 1:colcon.colcon_core.package_discovery:discover_packages(colcon_meta) discover
[0.358s] Level 1:colcon.colcon_core.package_discovery:discover_packages(recursive) discover
[0.358s] INFO:colcon.colcon_core.package_discovery:Crawling recursively for packages in '/home/akannan05/Desktop/endoscope/endoscope-camera/endo_ws'
[0.358s] Level 1:colcon.colcon_core.package_identification:_identify(.) by extensions ['ignore', 'ignore_ament_install']
[0.358s] Level 1:colcon.colcon_core.package_identification:_identify(.) by extension 'ignore'
[0.358s] Level 1:colcon.colcon_core.package_identification:_identify(.) by extension 'ignore_ament_install'
[0.358s] Level 1:colcon.colcon_core.package_identification:_identify(.) by extensions ['colcon_pkg']
[0.358s] Level 1:colcon.colcon_core.package_identification:_identify(.) by extension 'colcon_pkg'
[0.358s] Level 1:colcon.colcon_core.package_identification:_identify(.) by extensions ['colcon_meta']
[0.358s] Level 1:colcon.colcon_core.package_identification:_identify(.) by extension 'colcon_meta'
[0.359s] Level 1:colcon.colcon_core.package_identification:_identify(.) by extensions ['ros']
[0.359s] Level 1:colcon.colcon_core.package_identification:_identify(.) by extension 'ros'
[0.387s] Level 1:colcon.colcon_core.package_identification:_identify(.) by extensions ['cmake', 'python']
[0.387s] Level 1:colcon.colcon_core.package_identification:_identify(.) by extension 'cmake'
[0.387s] Level 1:colcon.colcon_core.package_identification:_identify(.) by extension 'python'
[0.387s] Level 1:colcon.colcon_core.package_identification:_identify(.) by extensions ['python_setup_py']
[0.387s] Level 1:colcon.colcon_core.package_identification:_identify(.) by extension 'python_setup_py'
[0.387s] Level 1:colcon.colcon_core.package_identification:_identify(build) by extensions ['ignore', 'ignore_ament_install']
[0.387s] Level 1:colcon.colcon_core.package_identification:_identify(build) by extension 'ignore'
[0.387s] Level 1:colcon.colcon_core.package_identification:_identify(build) ignored
[0.387s] Level 1:colcon.colcon_core.package_identification:_identify(install) by extensions ['ignore', 'ignore_ament_install']
[0.388s] Level 1:colcon.colcon_core.package_identification:_identify(install) by extension 'ignore'
[0.388s] Level 1:colcon.colcon_core.package_identification:_identify(install) ignored
[0.388s] Level 1:colcon.colcon_core.package_identification:_identify(log) by extensions ['ignore', 'ignore_ament_install']
[0.388s] Level 1:colcon.colcon_core.package_identification:_identify(log) by extension 'ignore'
[0.388s] Level 1:colcon.colcon_core.package_identification:_identify(log) ignored
[0.388s] Level 1:colcon.colcon_core.package_identification:_identify(src) by extensions ['ignore', 'ignore_ament_install']
[0.388s] Level 1:colcon.colcon_core.package_identification:_identify(src) by extension 'ignore'
[0.388s] Level 1:colcon.colcon_core.package_identification:_identify(src) by extension 'ignore_ament_install'
[0.388s] Level 1:colcon.colcon_core.package_identification:_identify(src) by extensions ['colcon_pkg']
[0.388s] Level 1:colcon.colcon_core.package_identification:_identify(src) by extension 'colcon_pkg'
[0.388s] Level 1:colcon.colcon_core.package_identification:_identify(src) by extensions ['colcon_meta']
[0.388s] Level 1:colcon.colcon_core.package_identification:_identify(src) by extension 'colcon_meta'
[0.388s] Level 1:colcon.colcon_core.package_identification:_identify(src) by extensions ['ros']
[0.388s] Level 1:colcon.colcon_core.package_identification:_identify(src) by extension 'ros'
[0.388s] Level 1:colcon.colcon_core.package_identification:_identify(src) by extensions ['cmake', 'python']
[0.388s] Level 1:colcon.colcon_core.package_identification:_identify(src) by extension 'cmake'
[0.388s] Level 1:colcon.colcon_core.package_identification:_identify(src) by extension 'python'
[0.388s] Level 1:colcon.colcon_core.package_identification:_identify(src) by extensions ['python_setup_py']
[0.388s] Level 1:colcon.colcon_core.package_identification:_identify(src) by extension 'python_setup_py'
[0.388s] Level 1:colcon.colcon_core.package_identification:_identify(src/endofeed) by extensions ['ignore', 'ignore_ament_install']
[0.388s] Level 1:colcon.colcon_core.package_identification:_identify(src/endofeed) by extension 'ignore'
[0.388s] Level 1:colcon.colcon_core.package_identification:_identify(src/endofeed) by extension 'ignore_ament_install'
[0.389s] Level 1:colcon.colcon_core.package_identification:_identify(src/endofeed) by extensions ['colcon_pkg']
[0.389s] Level 1:colcon.colcon_core.package_identification:_identify(src/endofeed) by extension 'colcon_pkg'
[0.389s] Level 1:colcon.colcon_core.package_identification:_identify(src/endofeed) by extensions ['colcon_meta']
[0.389s] Level 1:colcon.colcon_core.package_identification:_identify(src/endofeed) by extension 'colcon_meta'
[0.389s] Level 1:colcon.colcon_core.package_identification:_identify(src/endofeed) by extensions ['ros']
[0.389s] Level 1:colcon.colcon_core.package_identification:_identify(src/endofeed) by extension 'ros'
[0.396s] DEBUG:colcon.colcon_core.package_identification:Package 'src/endofeed' with type 'ros.ament_cmake' and name 'endofeed'
[0.396s] Level 1:colcon.colcon_core.package_identification:_identify(src/infer) by extensions ['ignore', 'ignore_ament_install']
[0.397s] Level 1:colcon.colcon_core.package_identification:_identify(src/infer) by extension 'ignore'
[0.397s] Level 1:colcon.colcon_core.package_identification:_identify(src/infer) by extension 'ignore_ament_install'
[0.397s] Level 1:colcon.colcon_core.package_identification:_identify(src/infer) by extensions ['colcon_pkg']
[0.397s] Level 1:colcon.colcon_core.package_identification:_identify(src/infer) by extension 'colcon_pkg'
[0.397s] Level 1:colcon.colcon_core.package_identification:_identify(src/infer) by extensions ['colcon_meta']
[0.397s] Level 1:colcon.colcon_core.package_identification:_identify(src/infer) by extension 'colcon_meta'
[0.397s] Level 1:colcon.colcon_core.package_identification:_identify(src/infer) by extensions ['ros']
[0.397s] Level 1:colcon.colcon_core.package_identification:_identify(src/infer) by extension 'ros'
[0.397s] DEBUG:colcon.colcon_core.package_identification:Package 'src/infer' with type 'ros.ament_python' and name 'infer'
[0.397s] Level 1:colcon.colcon_core.package_discovery:discover_packages(recursive) using defaults
[0.397s] Level 1:colcon.colcon_core.package_discovery:discover_packages(ignore) discover
[0.397s] Level 1:colcon.colcon_core.package_discovery:discover_packages(ignore) using defaults
[0.397s] Level 1:colcon.colcon_core.package_discovery:discover_packages(path) discover
[0.397s] Level 1:colcon.colcon_core.package_discovery:discover_packages(path) using defaults
[0.431s] Level 5:colcon.colcon_core.verb:set package 'endofeed' build argument 'cmake_args' from command line to 'None'
[0.431s] Level 5:colcon.colcon_core.verb:set package 'endofeed' build argument 'cmake_target' from command line to 'None'
[0.431s] Level 5:colcon.colcon_core.verb:set package 'endofeed' build argument 'cmake_target_skip_unavailable' from command line to 'False'
[0.431s] Level 5:colcon.colcon_core.verb:set package 'endofeed' build argument 'cmake_clean_cache' from command line to 'False'
[0.431s] Level 5:colcon.colcon_core.verb:set package 'endofeed' build argument 'cmake_clean_first' from command line to 'False'
[0.431s] Level 5:colcon.colcon_core.verb:set package 'endofeed' build argument 'cmake_force_configure' from command line to 'False'
[0.431s] Level 5:colcon.colcon_core.verb:set package 'endofeed' build argument 'ament_cmake_args' from command line to 'None'
[0.431s] Level 5:colcon.colcon_core.verb:set package 'endofeed' build argument 'catkin_cmake_args' from command line to 'None'
[0.431s] Level 5:colcon.colcon_core.verb:set package 'endofeed' build argument 'catkin_skip_building_tests' from command line to 'False'
[0.431s] DEBUG:colcon.colcon_core.verb:Building package 'endofeed' with the following arguments: {'ament_cmake_args': None, 'build_base': '/home/akannan05/Desktop/endoscope/endoscope-camera/endo_ws/build/endofeed', 'catkin_cmake_args': None, 'catkin_skip_building_tests': False, 'cmake_args': None, 'cmake_clean_cache': False, 'cmake_clean_first': False, 'cmake_force_configure': False, 'cmake_target': None, 'cmake_target_skip_unavailable': False, 'install_base': '/home/akannan05/Desktop/endoscope/endoscope-camera/endo_ws/install/endofeed', 'merge_install': False, 'path': '/home/akannan05/Desktop/endoscope/endoscope-camera/endo_ws/src/endofeed', 'symlink_install': False, 'test_result_base': None}
[0.431s] Level 5:colcon.colcon_core.verb:set package 'infer' build argument 'cmake_args' from command line to 'None'
[0.431s] Level 5:colcon.colcon_core.verb:set package 'infer' build argument 'cmake_target' from command line to 'None'
[0.431s] Level 5:colcon.colcon_core.verb:set package 'infer' build argument 'cmake_target_skip_unavailable' from command line to 'False'
[0.431s] Level 5:colcon.colcon_core.verb:set package 'infer' build argument 'cmake_clean_cache' from command line to 'False'
[0.431s] Level 5:colcon.colcon_core.verb:set package 'infer' build argument 'cmake_clean_first' from command line to 'False'
[0.431s] Level 5:colcon.colcon_core.verb:set package 'infer' build argument 'cmake_force_configure' from command line to 'False'
[0.431s] Level 5:colcon.colcon_core.verb:set package 'infer' build argument 'ament_cmake_args' from command line to 'None'
[0.431s] Level 5:colcon.colcon_core.verb:set package 'infer' build argument 'catkin_cmake_args' from command line to 'None'
[0.431s] Level 5:colcon.colcon_core.verb:set package 'infer' build argument 'catkin_skip_building_tests' from command line to 'False'
[0.431s] DEBUG:colcon.colcon_core.verb:Building package 'infer' with the following arguments: {'ament_cmake_args': None, 'build_base': '/home/akannan05/Desktop/endoscope/endoscope-camera/endo_ws/build/infer', 'catkin_cmake_args': None, 'catkin_skip_building_tests': False, 'cmake_args': None, 'cmake_clean_cache': False, 'cmake_clean_first': False, 'cmake_force_configure': False, 'cmake_target': None, 'cmake_target_skip_unavailable': False, 'install_base': '/home/akannan05/Desktop/endoscope/endoscope-camera/endo_ws/install/infer', 'merge_install': False, 'path': '/home/akannan05/Desktop/endoscope/endoscope-camera/endo_ws/src/infer', 'symlink_install': False, 'test_result_base': None}
[0.432s] INFO:colcon.colcon_core.executor:Executing jobs using 'parallel' executor
[0.445s] DEBUG:colcon.colcon_parallel_executor.executor.parallel:run_until_complete
[0.445s] INFO:colcon.colcon_ros.task.ament_cmake.build:Building ROS package in '/home/akannan05/Desktop/endoscope/endoscope-camera/endo_ws/src/endofeed' with build type 'ament_cmake'
[0.445s] INFO:colcon.colcon_cmake.task.cmake.build:Building CMake package in '/home/akannan05/Desktop/endoscope/endoscope-camera/endo_ws/src/endofeed'
[0.472s] INFO:colcon.colcon_core.plugin_system:Skipping extension 'colcon_core.shell.bat': Not used on non-Windows systems
[0.472s] DEBUG:colcon.colcon_core.shell:Skip shell extension 'dsv' for command environment
[0.489s] DEBUG:colcon.colcon_core.event_handler.log_command:Invoking command in '/home/akannan05/Desktop/endoscope/endoscope-camera/endo_ws/build/endofeed': DEBUGINFOD_URLS=https://debuginfod.ubuntu.com /usr/bin/cmake --build /home/akannan05/Desktop/endoscope/endoscope-camera/endo_ws/build/endofeed -- -j1 -l1
[4.648s] DEBUG:colcon.colcon_core.event_handler.log_command:Invoked command in '/home/akannan05/Desktop/endoscope/endoscope-camera/endo_ws/build/endofeed' returned '2': DEBUGINFOD_URLS=https://debuginfod.ubuntu.com /usr/bin/cmake --build /home/akannan05/Desktop/endoscope/endoscope-camera/endo_ws/build/endofeed -- -j1 -l1
[4.652s] Level 1:colcon.colcon_core.environment:create_environment_scripts_only(endofeed)
[4.683s] Level 1:colcon.colcon_core.environment:checking '/home/akannan05/Desktop/endoscope/endoscope-camera/endo_ws/install/endofeed' for CMake module files
[4.700s] Level 1:colcon.colcon_core.environment:checking '/home/akannan05/Desktop/endoscope/endoscope-camera/endo_ws/install/endofeed' for CMake config files
[4.705s] Level 1:colcon.colcon_core.shell:create_environment_hook('endofeed', 'cmake_prefix_path')
[4.705s] INFO:colcon.colcon_core.shell:Creating environment descriptor '/home/akannan05/Desktop/endoscope/endoscope-camera/endo_ws/install/endofeed/share/endofeed/hook/cmake_prefix_path.dsv'
[4.717s] INFO:colcon.colcon_core.shell:Creating environment hook '/home/akannan05/Desktop/endoscope/endoscope-camera/endo_ws/install/endofeed/share/endofeed/hook/cmake_prefix_path.sh'
[4.728s] Level 1:colcon.colcon_core.environment:checking '/home/akannan05/Desktop/endoscope/endoscope-camera/endo_ws/install/endofeed/lib'
[4.728s] Level 1:colcon.colcon_core.environment:checking '/home/akannan05/Desktop/endoscope/endoscope-camera/endo_ws/install/endofeed/bin'
[4.728s] Level 1:colcon.colcon_core.environment:checking '/home/akannan05/Desktop/endoscope/endoscope-camera/endo_ws/install/endofeed/lib/pkgconfig/endofeed.pc'
[4.729s] Level 1:colcon.colcon_core.environment:checking '/home/akannan05/Desktop/endoscope/endoscope-camera/endo_ws/install/endofeed/lib/python3.12/site-packages'
[4.729s] Level 1:colcon.colcon_core.environment:checking '/home/akannan05/Desktop/endoscope/endoscope-camera/endo_ws/install/endofeed/bin'
[4.729s] INFO:colcon.colcon_core.shell:Creating package descriptor '/home/akannan05/Desktop/endoscope/endoscope-camera/endo_ws/install/endofeed/share/endofeed/package.dsv'
[4.737s] INFO:colcon.colcon_core.shell:Creating package script '/home/akannan05/Desktop/endoscope/endoscope-camera/endo_ws/install/endofeed/share/endofeed/package.sh'
[4.747s] INFO:colcon.colcon_core.shell:Creating package script '/home/akannan05/Desktop/endoscope/endoscope-camera/endo_ws/install/endofeed/share/endofeed/package.bash'
[4.759s] INFO:colcon.colcon_core.shell:Creating package script '/home/akannan05/Desktop/endoscope/endoscope-camera/endo_ws/install/endofeed/share/endofeed/package.zsh'
[4.763s] Level 1:colcon.colcon_core.environment:create_file_with_runtime_dependencies(/home/akannan05/Desktop/endoscope/endoscope-camera/endo_ws/install/endofeed/share/colcon-core/packages/endofeed)
[4.802s] DEBUG:colcon.colcon_parallel_executor.executor.parallel:closing loop
[4.802s] DEBUG:colcon.colcon_parallel_executor.executor.parallel:loop closed
[4.802s] DEBUG:colcon.colcon_parallel_executor.executor.parallel:run_until_complete finished with '2'
[4.802s] DEBUG:colcon.colcon_core.event_reactor:joining thread
[4.837s] INFO:colcon.colcon_core.plugin_system:Skipping extension 'colcon_notification.desktop_notification.terminal_notifier': Not used on non-Darwin systems
[4.837s] INFO:colcon.colcon_core.plugin_system:Skipping extension 'colcon_notification.desktop_notification.win32': Not used on non-Windows systems
[4.837s] INFO:colcon.colcon_notification.desktop_notification:Sending desktop notification using 'notify2'
[4.949s] DEBUG:colcon.colcon_core.event_reactor:joined thread
[4.950s] INFO:colcon.colcon_core.shell:Creating prefix script '/home/akannan05/Desktop/endoscope/endoscope-camera/endo_ws/install/local_setup.sh'
[4.954s] INFO:colcon.colcon_core.shell:Creating prefix util module '/home/akannan05/Desktop/endoscope/endoscope-camera/endo_ws/install/_local_setup_util_sh.py'
[4.978s] INFO:colcon.colcon_core.shell:Creating prefix chain script '/home/akannan05/Desktop/endoscope/endoscope-camera/endo_ws/install/setup.sh'
[4.981s] INFO:colcon.colcon_core.shell:Creating prefix script '/home/akannan05/Desktop/endoscope/endoscope-camera/endo_ws/install/local_setup.bash'
[5.019s] INFO:colcon.colcon_core.shell:Creating prefix chain script '/home/akannan05/Desktop/endoscope/endoscope-camera/endo_ws/install/setup.bash'
[5.023s] INFO:colcon.colcon_core.shell:Creating prefix script '/home/akannan05/Desktop/endoscope/endoscope-camera/endo_ws/install/local_setup.zsh'
[5.025s] INFO:colcon.colcon_core.shell:Creating prefix chain script '/home/akannan05/Desktop/endoscope/endoscope-camera/endo_ws/install/setup.zsh'
