[0.851s] Invoking command in '/home/akannan05/Desktop/endoscope/endoscope-camera/endo_ws/src/infer': DEBUGINFOD_URLS=https://debuginfod.ubuntu.com PS1=(endo) \[\e]0;\u@\h: \w\a\]${debian_chroot:+($debian_chroot)}\[\033[01;32m\]\u@\h\[\033[00m\]:\[\033[01;34m\]\w\[\033[00m\]\$ PYTHONPATH=/home/akannan05/Desktop/endoscope/endoscope-camera/endo_ws/build/infer/prefix_override:/usr/lib/python3/dist-packages/colcon_core/task/python/colcon_distutils_commands:/home/akannan05/Desktop/endoscope/endoscope-camera/endo_ws/install/infer/lib/python3.12/site-packages:${PYTHONPATH} VIRTUAL_ENV_PROMPT=(endo) /usr/bin/python3 -W ignore:setup.py install is deprecated -W ignore:easy_install command is deprecated setup.py egg_info --egg-base ../../build/infer build --build-base /home/akannan05/Desktop/endoscope/endoscope-camera/endo_ws/build/infer/build install --record /home/akannan05/Desktop/endoscope/endoscope-camera/endo_ws/build/infer/install.log --single-version-externally-managed install_data
[1.112s] running egg_info
[1.128s] writing ../../build/infer/infer.egg-info/PKG-INFO
[1.130s] writing dependency_links to ../../build/infer/infer.egg-info/dependency_links.txt
[1.131s] writing entry points to ../../build/infer/infer.egg-info/entry_points.txt
[1.132s] writing requirements to ../../build/infer/infer.egg-info/requires.txt
[1.133s] writing top-level names to ../../build/infer/infer.egg-info/top_level.txt
[1.178s] reading manifest file '../../build/infer/infer.egg-info/SOURCES.txt'
[1.178s] writing manifest file '../../build/infer/infer.egg-info/SOURCES.txt'
[1.181s] running build
[1.181s] running build_py
[1.182s] copying infer/polyp_inference.py -> /home/akannan05/Desktop/endoscope/endoscope-camera/endo_ws/build/infer/build/lib/infer
[1.182s] running install
[1.188s] running install_lib
[1.206s] copying /home/akannan05/Desktop/endoscope/endoscope-camera/endo_ws/build/infer/build/lib/infer/polyp_inference.py -> /home/akannan05/Desktop/endoscope/endoscope-camera/endo_ws/install/infer/lib/python3.12/site-packages/infer
[1.206s] byte-compiling /home/akannan05/Desktop/endoscope/endoscope-camera/endo_ws/install/infer/lib/python3.12/site-packages/infer/polyp_inference.py to polyp_inference.cpython-312.pyc
[1.208s] running install_data
[1.208s] running install_egg_info
[1.225s] removing '/home/akannan05/Desktop/endoscope/endoscope-camera/endo_ws/install/infer/lib/python3.12/site-packages/infer-0.0.0-py3.12.egg-info' (and everything under it)
[1.225s] Copying ../../build/infer/infer.egg-info to /home/akannan05/Desktop/endoscope/endoscope-camera/endo_ws/install/infer/lib/python3.12/site-packages/infer-0.0.0-py3.12.egg-info
[1.226s] running install_scripts
[1.353s] Installing detector script to /home/akannan05/Desktop/endoscope/endoscope-camera/endo_ws/install/infer/lib/infer
[1.353s] writing list of installed files to '/home/akannan05/Desktop/endoscope/endoscope-camera/endo_ws/build/infer/install.log'
[1.393s] Invoked command in '/home/akannan05/Desktop/endoscope/endoscope-camera/endo_ws/src/infer' returned '0': DEBUGINFOD_URLS=https://debuginfod.ubuntu.com PS1=(endo) \[\e]0;\u@\h: \w\a\]${debian_chroot:+($debian_chroot)}\[\033[01;32m\]\u@\h\[\033[00m\]:\[\033[01;34m\]\w\[\033[00m\]\$ PYTHONPATH=/home/akannan05/Desktop/endoscope/endoscope-camera/endo_ws/build/infer/prefix_override:/usr/lib/python3/dist-packages/colcon_core/task/python/colcon_distutils_commands:/home/akannan05/Desktop/endoscope/endoscope-camera/endo_ws/install/infer/lib/python3.12/site-packages:${PYTHONPATH} VIRTUAL_ENV_PROMPT=(endo) /usr/bin/python3 -W ignore:setup.py install is deprecated -W ignore:easy_install command is deprecated setup.py egg_info --egg-base ../../build/infer build --build-base /home/akannan05/Desktop/endoscope/endoscope-camera/endo_ws/build/infer/build install --record /home/akannan05/Desktop/endoscope/endoscope-camera/endo_ws/build/infer/install.log --single-version-externally-managed install_data
