[1.286s] Invoking command in '/home/akannan05/Desktop/endoscope/endoscope-camera/endo_ws/src/infer': DEBUGINFOD_URLS=https://debuginfod.ubuntu.com PYTHONPATH=/home/akannan05/Desktop/endoscope/endoscope-camera/endo_ws/build/infer/prefix_override:/usr/lib/python3/dist-packages/colcon_core/task/python/colcon_distutils_commands:/home/akannan05/Desktop/endoscope/endoscope-camera/endo_ws/install/infer/lib/python3.12/site-packages:${PYTHONPATH} /usr/bin/python3 -W ignore:setup.py install is deprecated -W ignore:easy_install command is deprecated setup.py egg_info --egg-base ../../build/infer build --build-base /home/akannan05/Desktop/endoscope/endoscope-camera/endo_ws/build/infer/build install --record /home/akannan05/Desktop/endoscope/endoscope-camera/endo_ws/build/infer/install.log --single-version-externally-managed install_data
[1.547s] running egg_info
[1.547s] creating ../../build/infer/infer.egg-info
[1.561s] writing ../../build/infer/infer.egg-info/PKG-INFO
[1.561s] writing dependency_links to ../../build/infer/infer.egg-info/dependency_links.txt
[1.561s] writing entry points to ../../build/infer/infer.egg-info/entry_points.txt
[1.561s] writing requirements to ../../build/infer/infer.egg-info/requires.txt
[1.562s] writing top-level names to ../../build/infer/infer.egg-info/top_level.txt
[1.562s] writing manifest file '../../build/infer/infer.egg-info/SOURCES.txt'
[1.585s] reading manifest file '../../build/infer/infer.egg-info/SOURCES.txt'
[1.587s] writing manifest file '../../build/infer/infer.egg-info/SOURCES.txt'
[1.588s] running build
[1.588s] running build_py
[1.588s] creating /home/akannan05/Desktop/endoscope/endoscope-camera/endo_ws/build/infer/build
[1.588s] creating /home/akannan05/Desktop/endoscope/endoscope-camera/endo_ws/build/infer/build/lib
[1.588s] creating /home/akannan05/Desktop/endoscope/endoscope-camera/endo_ws/build/infer/build/lib/infer
[1.588s] copying infer/polyp_inference.py -> /home/akannan05/Desktop/endoscope/endoscope-camera/endo_ws/build/infer/build/lib/infer
[1.589s] copying infer/__init__.py -> /home/akannan05/Desktop/endoscope/endoscope-camera/endo_ws/build/infer/build/lib/infer
[1.589s] running install
[1.593s] running install_lib
[1.606s] creating /home/akannan05/Desktop/endoscope/endoscope-camera/endo_ws/install/infer/lib/python3.12/site-packages/infer
[1.606s] copying /home/akannan05/Desktop/endoscope/endoscope-camera/endo_ws/build/infer/build/lib/infer/polyp_inference.py -> /home/akannan05/Desktop/endoscope/endoscope-camera/endo_ws/install/infer/lib/python3.12/site-packages/infer
[1.606s] copying /home/akannan05/Desktop/endoscope/endoscope-camera/endo_ws/build/infer/build/lib/infer/__init__.py -> /home/akannan05/Desktop/endoscope/endoscope-camera/endo_ws/install/infer/lib/python3.12/site-packages/infer
[1.607s] byte-compiling /home/akannan05/Desktop/endoscope/endoscope-camera/endo_ws/install/infer/lib/python3.12/site-packages/infer/polyp_inference.py to polyp_inference.cpython-312.pyc
[1.607s] byte-compiling /home/akannan05/Desktop/endoscope/endoscope-camera/endo_ws/install/infer/lib/python3.12/site-packages/infer/__init__.py to __init__.cpython-312.pyc
[1.607s] running install_data
[1.608s] creating /home/akannan05/Desktop/endoscope/endoscope-camera/endo_ws/install/infer/share/ament_index
[1.608s] creating /home/akannan05/Desktop/endoscope/endoscope-camera/endo_ws/install/infer/share/ament_index/resource_index
[1.608s] creating /home/akannan05/Desktop/endoscope/endoscope-camera/endo_ws/install/infer/share/ament_index/resource_index/packages
[1.608s] copying resource/infer -> /home/akannan05/Desktop/endoscope/endoscope-camera/endo_ws/install/infer/share/ament_index/resource_index/packages
[1.608s] copying package.xml -> /home/akannan05/Desktop/endoscope/endoscope-camera/endo_ws/install/infer/share/infer
[1.611s] running install_egg_info
[1.634s] Copying ../../build/infer/infer.egg-info to /home/akannan05/Desktop/endoscope/endoscope-camera/endo_ws/install/infer/lib/python3.12/site-packages/infer-0.0.0-py3.12.egg-info
[1.634s] running install_scripts
[1.747s] Installing detector script to /home/akannan05/Desktop/endoscope/endoscope-camera/endo_ws/install/infer/lib/infer
[1.748s] writing list of installed files to '/home/akannan05/Desktop/endoscope/endoscope-camera/endo_ws/build/infer/install.log'
[1.774s] Invoked command in '/home/akannan05/Desktop/endoscope/endoscope-camera/endo_ws/src/infer' returned '0': DEBUGINFOD_URLS=https://debuginfod.ubuntu.com PYTHONPATH=/home/akannan05/Desktop/endoscope/endoscope-camera/endo_ws/build/infer/prefix_override:/usr/lib/python3/dist-packages/colcon_core/task/python/colcon_distutils_commands:/home/akannan05/Desktop/endoscope/endoscope-camera/endo_ws/install/infer/lib/python3.12/site-packages:${PYTHONPATH} /usr/bin/python3 -W ignore:setup.py install is deprecated -W ignore:easy_install command is deprecated setup.py egg_info --egg-base ../../build/infer build --build-base /home/akannan05/Desktop/endoscope/endoscope-camera/endo_ws/build/infer/build install --record /home/akannan05/Desktop/endoscope/endoscope-camera/endo_ws/build/infer/install.log --single-version-externally-managed install_data
