[0.025s] Invoking command in '/home/akannan05/Desktop/endoscope/endoscope-camera/endo_ws/build/endofeed': CMAKE_PREFIX_PATH=${CMAKE_PREFIX_PATH}:/opt/ros/jazzy DEBUGINFOD_URLS=https://debuginfod.ubuntu.com /usr/bin/cmake /home/akannan05/Desktop/endoscope/endoscope-camera/endo_ws/src/endofeed -DCMAKE_INSTALL_PREFIX=/home/akannan05/Desktop/endoscope/endoscope-camera/endo_ws/install/endofeed
[0.106s] -- Found ament_cmake: 2.5.3 (/opt/ros/jazzy/share/ament_cmake/cmake)
[0.737s] -- Found cv_bridge: 4.1.0 (/opt/ros/jazzy/share/cv_bridge/cmake)
[0.803s] -- Found rosidl_generator_c: 4.6.5 (/opt/ros/jazzy/share/rosidl_generator_c/cmake)
[0.840s] -- Found rosidl_generator_cpp: 4.6.5 (/opt/ros/jazzy/share/rosidl_generator_cpp/cmake)
[0.890s] -- Using all available rosidl_typesupport_c: rosidl_typesupport_fastrtps_c;rosidl_typesupport_introspection_c
[0.914s] -- Using all available rosidl_typesupport_cpp: rosidl_typesupport_fastrtps_cpp;rosidl_typesupport_introspection_cpp
[1.189s] -- Found rmw_implementation_cmake: 7.3.1 (/opt/ros/jazzy/share/rmw_implementation_cmake/cmake)
[1.189s] -- Found rmw_fastrtps_cpp: 8.4.1 (/opt/ros/jazzy/share/rmw_fastrtps_cpp/cmake)
[1.334s] -- Using RMW implementation 'rmw_fastrtps_cpp' as default
[1.509s] -- Found image_transport: 5.1.5 (/opt/ros/jazzy/share/image_transport/cmake)
[1.540s] -- Found ament_lint_auto: 0.17.1 (/opt/ros/jazzy/share/ament_lint_auto/cmake)
[1.945s] -- Added test 'copyright' to check source files copyright and LICENSE
[1.949s] -- Added test 'cppcheck' to perform static code analysis on C / C++ code
[1.950s] -- Configured cppcheck include dirs: /home/akannan05/Desktop/endoscope/endoscope-camera/endo_ws/src/endofeed/include
[1.950s] -- Configured cppcheck exclude dirs and/or files: 
[1.953s] -- Added test 'cpplint' to check C / C++ code against the Google style
[1.953s] -- Configured cpplint exclude dirs and/or files: 
[1.956s] -- Added test 'lint_cmake' to check CMake code style
[1.960s] -- Added test 'uncrustify' to check C / C++ code style
[1.960s] -- Configured uncrustify additional arguments: 
[1.962s] -- Added test 'xmllint' to check XML markup files
[1.969s] -- Configuring done (1.9s)
[1.993s] -- Generating done (0.0s)
[2.007s] -- Build files have been written to: /home/akannan05/Desktop/endoscope/endoscope-camera/endo_ws/build/endofeed
[2.057s] Invoked command in '/home/akannan05/Desktop/endoscope/endoscope-camera/endo_ws/build/endofeed' returned '0': CMAKE_PREFIX_PATH=${CMAKE_PREFIX_PATH}:/opt/ros/jazzy DEBUGINFOD_URLS=https://debuginfod.ubuntu.com /usr/bin/cmake /home/akannan05/Desktop/endoscope/endoscope-camera/endo_ws/src/endofeed -DCMAKE_INSTALL_PREFIX=/home/akannan05/Desktop/endoscope/endoscope-camera/endo_ws/install/endofeed
[2.058s] Invoking command in '/home/akannan05/Desktop/endoscope/endoscope-camera/endo_ws/build/endofeed': CMAKE_PREFIX_PATH=${CMAKE_PREFIX_PATH}:/opt/ros/jazzy DEBUGINFOD_URLS=https://debuginfod.ubuntu.com /usr/bin/cmake --build /home/akannan05/Desktop/endoscope/endoscope-camera/endo_ws/build/endofeed -- -j1 -l1
[2.268s] [ 50%] [32mBuilding CXX object CMakeFiles/publisher_endo_cam.dir/src/publisher_endo_cam.cpp.o[0m
[4.574s] [01m[K/home/akannan05/Desktop/endoscope/endoscope-camera/endo_ws/src/endofeed/src/publisher_endo_cam.cpp:5:10:[m[K [01;31m[Kfatal error: [m[Kopencv2/cor/mat.hpp: No such file or directory
[4.574s]     5 | #include [01;31m[K"opencv2/cor/mat.hpp"[m[K
[4.574s]       |          [01;31m[K^~~~~~~~~~~~~~~~~~~~~[m[K
[4.574s] compilation terminated.
[4.578s] gmake[2]: *** [CMakeFiles/publisher_endo_cam.dir/build.make:76: CMakeFiles/publisher_endo_cam.dir/src/publisher_endo_cam.cpp.o] Error 1
[4.578s] gmake[1]: *** [CMakeFiles/Makefile2:137: CMakeFiles/publisher_endo_cam.dir/all] Error 2
[4.578s] gmake: *** [Makefile:146: all] Error 2
[4.581s] Invoked command in '/home/akannan05/Desktop/endoscope/endoscope-camera/endo_ws/build/endofeed' returned '2': CMAKE_PREFIX_PATH=${CMAKE_PREFIX_PATH}:/opt/ros/jazzy DEBUGINFOD_URLS=https://debuginfod.ubuntu.com /usr/bin/cmake --build /home/akannan05/Desktop/endoscope/endoscope-camera/endo_ws/build/endofeed -- -j1 -l1
