[ 50%] [32mBuilding CXX object CMakeFiles/publisher_endo_cam.dir/src/publisher_endo_cam.cpp.o[0m
[100%] [32m[1mLinking CXX executable publisher_endo_cam[0m
[100%] Built target publisher_endo_cam
-- Install configuration: ""
-- Installing: /home/akannan05/Desktop/endoscope/endoscope-camera/endo_ws/install/endofeed/lib/endofeed/publisher_endo_cam
-- Set non-toolchain portion of runtime path of "/home/akannan05/Desktop/endoscope/endoscope-camera/endo_ws/install/endofeed/lib/endofeed/publisher_endo_cam" to ""
-- Up-to-date: /home/akannan05/Desktop/endoscope/endoscope-camera/endo_ws/install/endofeed/include/endofeed
-- Up-to-date: /home/akannan05/Desktop/endoscope/endoscope-camera/endo_ws/install/endofeed/include/endofeed/endofeed
-- Up-to-date: /home/akannan05/Desktop/endoscope/endoscope-camera/endo_ws/install/endofeed/share/ament_index/resource_index/package_run_dependencies/endofeed
-- Up-to-date: /home/akannan05/Desktop/endoscope/endoscope-camera/endo_ws/install/endofeed/share/ament_index/resource_index/parent_prefix_path/endofeed
-- Up-to-date: /home/akannan05/Desktop/endoscope/endoscope-camera/endo_ws/install/endofeed/share/endofeed/environment/ament_prefix_path.sh
-- Up-to-date: /home/akannan05/Desktop/endoscope/endoscope-camera/endo_ws/install/endofeed/share/endofeed/environment/ament_prefix_path.dsv
-- Up-to-date: /home/akannan05/Desktop/endoscope/endoscope-camera/endo_ws/install/endofeed/share/endofeed/environment/path.sh
-- Up-to-date: /home/akannan05/Desktop/endoscope/endoscope-camera/endo_ws/install/endofeed/share/endofeed/environment/path.dsv
-- Up-to-date: /home/akannan05/Desktop/endoscope/endoscope-camera/endo_ws/install/endofeed/share/endofeed/local_setup.bash
-- Up-to-date: /home/akannan05/Desktop/endoscope/endoscope-camera/endo_ws/install/endofeed/share/endofeed/local_setup.sh
-- Up-to-date: /home/akannan05/Desktop/endoscope/endoscope-camera/endo_ws/install/endofeed/share/endofeed/local_setup.zsh
-- Up-to-date: /home/akannan05/Desktop/endoscope/endoscope-camera/endo_ws/install/endofeed/share/endofeed/local_setup.dsv
-- Installing: /home/akannan05/Desktop/endoscope/endoscope-camera/endo_ws/install/endofeed/share/endofeed/package.dsv
-- Up-to-date: /home/akannan05/Desktop/endoscope/endoscope-camera/endo_ws/install/endofeed/share/ament_index/resource_index/packages/endofeed
-- Up-to-date: /home/akannan05/Desktop/endoscope/endoscope-camera/endo_ws/install/endofeed/share/endofeed/cmake/ament_cmake_export_include_directories-extras.cmake
-- Up-to-date: /home/akannan05/Desktop/endoscope/endoscope-camera/endo_ws/install/endofeed/share/endofeed/cmake/ament_cmake_export_dependencies-extras.cmake
-- Up-to-date: /home/akannan05/Desktop/endoscope/endoscope-camera/endo_ws/install/endofeed/share/endofeed/cmake/endofeedConfig.cmake
-- Up-to-date: /home/akannan05/Desktop/endoscope/endoscope-camera/endo_ws/install/endofeed/share/endofeed/cmake/endofeedConfig-version.cmake
-- Up-to-date: /home/akannan05/Desktop/endoscope/endoscope-camera/endo_ws/install/endofeed/share/endofeed/package.xml
