[0.009s] Invoking command in '/home/akannan05/Desktop/endoscope/endoscope-camera/endo_ws/build/endofeed': CMAKE_PREFIX_PATH=${CMAKE_PREFIX_PATH}:/opt/ros/jazzy DEBUGINFOD_URLS=https://debuginfod.ubuntu.com /usr/bin/cmake --build /home/akannan05/Desktop/endoscope/endoscope-camera/endo_ws/build/endofeed -- -j1 -l1
[0.169s] [ 50%] [32mBuilding CXX object CMakeFiles/publisher_endo_cam.dir/src/publisher_endo_cam.cpp.o[0m
[6.169s] [100%] [32m[1mLinking CXX executable publisher_endo_cam[0m
[7.081s] [100%] Built target publisher_endo_cam
[7.092s] Invoked command in '/home/akannan05/Desktop/endoscope/endoscope-camera/endo_ws/build/endofeed' returned '0': CMAKE_PREFIX_PATH=${CMAKE_PREFIX_PATH}:/opt/ros/jazzy DEBUGINFOD_URLS=https://debuginfod.ubuntu.com /usr/bin/cmake --build /home/akannan05/Desktop/endoscope/endoscope-camera/endo_ws/build/endofeed -- -j1 -l1
[7.135s] Invoking command in '/home/akannan05/Desktop/endoscope/endoscope-camera/endo_ws/build/endofeed': CMAKE_PREFIX_PATH=${CMAKE_PREFIX_PATH}:/opt/ros/jazzy DEBUGINFOD_URLS=https://debuginfod.ubuntu.com /usr/bin/cmake --install /home/akannan05/Desktop/endoscope/endoscope-camera/endo_ws/build/endofeed
[7.147s] -- Install configuration: ""
[7.151s] -- Installing: /home/akannan05/Desktop/endoscope/endoscope-camera/endo_ws/install/endofeed/lib/endofeed/publisher_endo_cam
[7.151s] -- Set non-toolchain portion of runtime path of "/home/akannan05/Desktop/endoscope/endoscope-camera/endo_ws/install/endofeed/lib/endofeed/publisher_endo_cam" to ""
[7.151s] -- Up-to-date: /home/akannan05/Desktop/endoscope/endoscope-camera/endo_ws/install/endofeed/include/endofeed
[7.151s] -- Up-to-date: /home/akannan05/Desktop/endoscope/endoscope-camera/endo_ws/install/endofeed/include/endofeed/endofeed
[7.153s] -- Up-to-date: /home/akannan05/Desktop/endoscope/endoscope-camera/endo_ws/install/endofeed/share/ament_index/resource_index/package_run_dependencies/endofeed
[7.154s] -- Up-to-date: /home/akannan05/Desktop/endoscope/endoscope-camera/endo_ws/install/endofeed/share/ament_index/resource_index/parent_prefix_path/endofeed
[7.154s] -- Up-to-date: /home/akannan05/Desktop/endoscope/endoscope-camera/endo_ws/install/endofeed/share/endofeed/environment/ament_prefix_path.sh
[7.155s] -- Up-to-date: /home/akannan05/Desktop/endoscope/endoscope-camera/endo_ws/install/endofeed/share/endofeed/environment/ament_prefix_path.dsv
[7.155s] -- Up-to-date: /home/akannan05/Desktop/endoscope/endoscope-camera/endo_ws/install/endofeed/share/endofeed/environment/path.sh
[7.155s] -- Up-to-date: /home/akannan05/Desktop/endoscope/endoscope-camera/endo_ws/install/endofeed/share/endofeed/environment/path.dsv
[7.155s] -- Up-to-date: /home/akannan05/Desktop/endoscope/endoscope-camera/endo_ws/install/endofeed/share/endofeed/local_setup.bash
[7.155s] -- Up-to-date: /home/akannan05/Desktop/endoscope/endoscope-camera/endo_ws/install/endofeed/share/endofeed/local_setup.sh
[7.155s] -- Up-to-date: /home/akannan05/Desktop/endoscope/endoscope-camera/endo_ws/install/endofeed/share/endofeed/local_setup.zsh
[7.155s] -- Up-to-date: /home/akannan05/Desktop/endoscope/endoscope-camera/endo_ws/install/endofeed/share/endofeed/local_setup.dsv
[7.155s] -- Installing: /home/akannan05/Desktop/endoscope/endoscope-camera/endo_ws/install/endofeed/share/endofeed/package.dsv
[7.156s] -- Up-to-date: /home/akannan05/Desktop/endoscope/endoscope-camera/endo_ws/install/endofeed/share/ament_index/resource_index/packages/endofeed
[7.156s] -- Up-to-date: /home/akannan05/Desktop/endoscope/endoscope-camera/endo_ws/install/endofeed/share/endofeed/cmake/ament_cmake_export_include_directories-extras.cmake
[7.156s] -- Up-to-date: /home/akannan05/Desktop/endoscope/endoscope-camera/endo_ws/install/endofeed/share/endofeed/cmake/ament_cmake_export_dependencies-extras.cmake
[7.156s] -- Up-to-date: /home/akannan05/Desktop/endoscope/endoscope-camera/endo_ws/install/endofeed/share/endofeed/cmake/endofeedConfig.cmake
[7.157s] -- Up-to-date: /home/akannan05/Desktop/endoscope/endoscope-camera/endo_ws/install/endofeed/share/endofeed/cmake/endofeedConfig-version.cmake
[7.157s] -- Up-to-date: /home/akannan05/Desktop/endoscope/endoscope-camera/endo_ws/install/endofeed/share/endofeed/package.xml
[7.158s] Invoked command in '/home/akannan05/Desktop/endoscope/endoscope-camera/endo_ws/build/endofeed' returned '0': CMAKE_PREFIX_PATH=${CMAKE_PREFIX_PATH}:/opt/ros/jazzy DEBUGINFOD_URLS=https://debuginfod.ubuntu.com /usr/bin/cmake --install /home/akannan05/Desktop/endoscope/endoscope-camera/endo_ws/build/endofeed
