[0.102s] DEBUG:colcon:Command line arguments: ['/usr/bin/colcon', 'build', '--packages-select', 'infer']
[0.102s] DEBUG:colcon:Parsed command line arguments: Namespace(log_base=None, log_level=None, verb_name='build', build_base='build', install_base='install', merge_install=False, symlink_install=False, test_result_base=None, continue_on_error=False, executor='parallel', parallel_workers=1, event_handlers=None, ignore_user_meta=False, metas=['./colcon.meta'], base_paths=['.'], packages_ignore=None, packages_ignore_regex=None, paths=None, packages_up_to=None, packages_up_to_regex=None, packages_above=None, packages_above_and_dependencies=None, packages_above_depth=None, packages_select_by_dep=None, packages_skip_by_dep=None, packages_skip_up_to=None, packages_select_build_failed=False, packages_skip_build_finished=False, packages_select_test_failures=False, packages_skip_test_passed=False, packages_select=['infer'], packages_skip=None, packages_select_regex=None, packages_skip_regex=None, packages_start=None, packages_end=None, cmake_args=None, cmake_target=None, cmake_target_skip_unavailable=False, cmake_clean_cache=False, cmake_clean_first=False, cmake_force_configure=False, ament_cmake_args=None, catkin_cmake_args=None, catkin_skip_building_tests=False, verb_parser=<colcon_defaults.argument_parser.defaults.DefaultArgumentsDecorator object at 0x7b4d544f9d60>, verb_extension=<colcon_core.verb.build.BuildVerb object at 0x7b4d5441e6c0>, main=<bound method BuildVerb.main of <colcon_core.verb.build.BuildVerb object at 0x7b4d5441e6c0>>)
[0.146s] Level 1:colcon.colcon_core.package_discovery:discover_packages(colcon_meta) check parameters
[0.146s] Level 1:colcon.colcon_core.package_discovery:discover_packages(recursive) check parameters
[0.146s] Level 1:colcon.colcon_core.package_discovery:discover_packages(ignore) check parameters
[0.146s] Level 1:colcon.colcon_core.package_discovery:discover_packages(path) check parameters
[0.146s] Level 1:colcon.colcon_core.package_discovery:discover_packages(colcon_meta) discover
[0.147s] Level 1:colcon.colcon_core.package_discovery:discover_packages(recursive) discover
[0.147s] INFO:colcon.colcon_core.package_discovery:Crawling recursively for packages in '/home/akannan05/Desktop/endoscope/endoscope-camera/endo_ws'
[0.147s] Level 1:colcon.colcon_core.package_identification:_identify(.) by extensions ['ignore', 'ignore_ament_install']
[0.147s] Level 1:colcon.colcon_core.package_identification:_identify(.) by extension 'ignore'
[0.147s] Level 1:colcon.colcon_core.package_identification:_identify(.) by extension 'ignore_ament_install'
[0.147s] Level 1:colcon.colcon_core.package_identification:_identify(.) by extensions ['colcon_pkg']
[0.147s] Level 1:colcon.colcon_core.package_identification:_identify(.) by extension 'colcon_pkg'
[0.147s] Level 1:colcon.colcon_core.package_identification:_identify(.) by extensions ['colcon_meta']
[0.147s] Level 1:colcon.colcon_core.package_identification:_identify(.) by extension 'colcon_meta'
[0.147s] Level 1:colcon.colcon_core.package_identification:_identify(.) by extensions ['ros']
[0.147s] Level 1:colcon.colcon_core.package_identification:_identify(.) by extension 'ros'
[0.177s] Level 1:colcon.colcon_core.package_identification:_identify(.) by extensions ['cmake', 'python']
[0.177s] Level 1:colcon.colcon_core.package_identification:_identify(.) by extension 'cmake'
[0.177s] Level 1:colcon.colcon_core.package_identification:_identify(.) by extension 'python'
[0.177s] Level 1:colcon.colcon_core.package_identification:_identify(.) by extensions ['python_setup_py']
[0.177s] Level 1:colcon.colcon_core.package_identification:_identify(.) by extension 'python_setup_py'
[0.177s] Level 1:colcon.colcon_core.package_identification:_identify(build) by extensions ['ignore', 'ignore_ament_install']
[0.177s] Level 1:colcon.colcon_core.package_identification:_identify(build) by extension 'ignore'
[0.177s] Level 1:colcon.colcon_core.package_identification:_identify(build) ignored
[0.177s] Level 1:colcon.colcon_core.package_identification:_identify(install) by extensions ['ignore', 'ignore_ament_install']
[0.177s] Level 1:colcon.colcon_core.package_identification:_identify(install) by extension 'ignore'
[0.178s] Level 1:colcon.colcon_core.package_identification:_identify(install) ignored
[0.178s] Level 1:colcon.colcon_core.package_identification:_identify(log) by extensions ['ignore', 'ignore_ament_install']
[0.178s] Level 1:colcon.colcon_core.package_identification:_identify(log) by extension 'ignore'
[0.178s] Level 1:colcon.colcon_core.package_identification:_identify(log) ignored
[0.178s] Level 1:colcon.colcon_core.package_identification:_identify(src) by extensions ['ignore', 'ignore_ament_install']
[0.178s] Level 1:colcon.colcon_core.package_identification:_identify(src) by extension 'ignore'
[0.178s] Level 1:colcon.colcon_core.package_identification:_identify(src) by extension 'ignore_ament_install'
[0.178s] Level 1:colcon.colcon_core.package_identification:_identify(src) by extensions ['colcon_pkg']
[0.178s] Level 1:colcon.colcon_core.package_identification:_identify(src) by extension 'colcon_pkg'
[0.178s] Level 1:colcon.colcon_core.package_identification:_identify(src) by extensions ['colcon_meta']
[0.178s] Level 1:colcon.colcon_core.package_identification:_identify(src) by extension 'colcon_meta'
[0.178s] Level 1:colcon.colcon_core.package_identification:_identify(src) by extensions ['ros']
[0.178s] Level 1:colcon.colcon_core.package_identification:_identify(src) by extension 'ros'
[0.178s] Level 1:colcon.colcon_core.package_identification:_identify(src) by extensions ['cmake', 'python']
[0.178s] Level 1:colcon.colcon_core.package_identification:_identify(src) by extension 'cmake'
[0.178s] Level 1:colcon.colcon_core.package_identification:_identify(src) by extension 'python'
[0.178s] Level 1:colcon.colcon_core.package_identification:_identify(src) by extensions ['python_setup_py']
[0.178s] Level 1:colcon.colcon_core.package_identification:_identify(src) by extension 'python_setup_py'
[0.178s] Level 1:colcon.colcon_core.package_identification:_identify(src/endofeed) by extensions ['ignore', 'ignore_ament_install']
[0.178s] Level 1:colcon.colcon_core.package_identification:_identify(src/endofeed) by extension 'ignore'
[0.178s] Level 1:colcon.colcon_core.package_identification:_identify(src/endofeed) by extension 'ignore_ament_install'
[0.178s] Level 1:colcon.colcon_core.package_identification:_identify(src/endofeed) by extensions ['colcon_pkg']
[0.178s] Level 1:colcon.colcon_core.package_identification:_identify(src/endofeed) by extension 'colcon_pkg'
[0.178s] Level 1:colcon.colcon_core.package_identification:_identify(src/endofeed) by extensions ['colcon_meta']
[0.178s] Level 1:colcon.colcon_core.package_identification:_identify(src/endofeed) by extension 'colcon_meta'
[0.178s] Level 1:colcon.colcon_core.package_identification:_identify(src/endofeed) by extensions ['ros']
[0.178s] Level 1:colcon.colcon_core.package_identification:_identify(src/endofeed) by extension 'ros'
[0.181s] DEBUG:colcon.colcon_core.package_identification:Package 'src/endofeed' with type 'ros.ament_cmake' and name 'endofeed'
[0.181s] Level 1:colcon.colcon_core.package_identification:_identify(src/infer) by extensions ['ignore', 'ignore_ament_install']
[0.181s] Level 1:colcon.colcon_core.package_identification:_identify(src/infer) by extension 'ignore'
[0.181s] Level 1:colcon.colcon_core.package_identification:_identify(src/infer) by extension 'ignore_ament_install'
[0.181s] Level 1:colcon.colcon_core.package_identification:_identify(src/infer) by extensions ['colcon_pkg']
[0.181s] Level 1:colcon.colcon_core.package_identification:_identify(src/infer) by extension 'colcon_pkg'
[0.181s] Level 1:colcon.colcon_core.package_identification:_identify(src/infer) by extensions ['colcon_meta']
[0.181s] Level 1:colcon.colcon_core.package_identification:_identify(src/infer) by extension 'colcon_meta'
[0.181s] Level 1:colcon.colcon_core.package_identification:_identify(src/infer) by extensions ['ros']
[0.181s] Level 1:colcon.colcon_core.package_identification:_identify(src/infer) by extension 'ros'
[0.182s] DEBUG:colcon.colcon_core.package_identification:Package 'src/infer' with type 'ros.ament_python' and name 'infer'
[0.182s] Level 1:colcon.colcon_core.package_discovery:discover_packages(recursive) using defaults
[0.182s] Level 1:colcon.colcon_core.package_discovery:discover_packages(ignore) discover
[0.182s] Level 1:colcon.colcon_core.package_discovery:discover_packages(ignore) using defaults
[0.182s] Level 1:colcon.colcon_core.package_discovery:discover_packages(path) discover
[0.182s] Level 1:colcon.colcon_core.package_discovery:discover_packages(path) using defaults
[0.202s] INFO:colcon.colcon_core.package_selection:Skipping not selected package 'endofeed' in 'src/endofeed'
[0.203s] Level 5:colcon.colcon_core.verb:set package 'infer' build argument 'cmake_args' from command line to 'None'
[0.203s] Level 5:colcon.colcon_core.verb:set package 'infer' build argument 'cmake_target' from command line to 'None'
[0.203s] Level 5:colcon.colcon_core.verb:set package 'infer' build argument 'cmake_target_skip_unavailable' from command line to 'False'
[0.203s] Level 5:colcon.colcon_core.verb:set package 'infer' build argument 'cmake_clean_cache' from command line to 'False'
[0.203s] Level 5:colcon.colcon_core.verb:set package 'infer' build argument 'cmake_clean_first' from command line to 'False'
[0.203s] Level 5:colcon.colcon_core.verb:set package 'infer' build argument 'cmake_force_configure' from command line to 'False'
[0.203s] Level 5:colcon.colcon_core.verb:set package 'infer' build argument 'ament_cmake_args' from command line to 'None'
[0.203s] Level 5:colcon.colcon_core.verb:set package 'infer' build argument 'catkin_cmake_args' from command line to 'None'
[0.203s] Level 5:colcon.colcon_core.verb:set package 'infer' build argument 'catkin_skip_building_tests' from command line to 'False'
[0.203s] DEBUG:colcon.colcon_core.verb:Building package 'infer' with the following arguments: {'ament_cmake_args': None, 'build_base': '/home/akannan05/Desktop/endoscope/endoscope-camera/endo_ws/build/infer', 'catkin_cmake_args': None, 'catkin_skip_building_tests': False, 'cmake_args': None, 'cmake_clean_cache': False, 'cmake_clean_first': False, 'cmake_force_configure': False, 'cmake_target': None, 'cmake_target_skip_unavailable': False, 'install_base': '/home/akannan05/Desktop/endoscope/endoscope-camera/endo_ws/install/infer', 'merge_install': False, 'path': '/home/akannan05/Desktop/endoscope/endoscope-camera/endo_ws/src/infer', 'symlink_install': False, 'test_result_base': None}
[0.203s] INFO:colcon.colcon_core.executor:Executing jobs using 'parallel' executor
[0.207s] DEBUG:colcon.colcon_parallel_executor.executor.parallel:run_until_complete
[0.207s] INFO:colcon.colcon_ros.task.ament_python.build:Building ROS package in '/home/akannan05/Desktop/endoscope/endoscope-camera/endo_ws/src/infer' with build type 'ament_python'
[0.207s] Level 1:colcon.colcon_core.shell:create_environment_hook('infer', 'ament_prefix_path')
[0.208s] INFO:colcon.colcon_core.plugin_system:Skipping extension 'colcon_core.shell.bat': Not used on non-Windows systems
[0.208s] INFO:colcon.colcon_core.shell:Creating environment descriptor '/home/akannan05/Desktop/endoscope/endoscope-camera/endo_ws/install/infer/share/infer/hook/ament_prefix_path.dsv'
[0.216s] INFO:colcon.colcon_core.shell:Creating environment hook '/home/akannan05/Desktop/endoscope/endoscope-camera/endo_ws/install/infer/share/infer/hook/ament_prefix_path.sh'
[0.225s] DEBUG:colcon.colcon_core.shell:Skip shell extension 'dsv' for command environment
[0.464s] INFO:colcon.colcon_core.task.python.build:Building Python package in '/home/akannan05/Desktop/endoscope/endoscope-camera/endo_ws/src/infer'
[0.464s] DEBUG:colcon.colcon_core.shell:Skip shell extension 'dsv' for command environment
[1.061s] DEBUG:colcon.colcon_core.event_handler.log_command:Invoking command in '/home/akannan05/Desktop/endoscope/endoscope-camera/endo_ws/src/infer': DEBUGINFOD_URLS=https://debuginfod.ubuntu.com PS1=(endo) \[\e]0;\u@\h: \w\a\]${debian_chroot:+($debian_chroot)}\[\033[01;32m\]\u@\h\[\033[00m\]:\[\033[01;34m\]\w\[\033[00m\]\$ PYTHONPATH=/home/akannan05/Desktop/endoscope/endoscope-camera/endo_ws/build/infer/prefix_override:/usr/lib/python3/dist-packages/colcon_core/task/python/colcon_distutils_commands:/home/akannan05/Desktop/endoscope/endoscope-camera/endo_ws/install/infer/lib/python3.12/site-packages:${PYTHONPATH} VIRTUAL_ENV_PROMPT=(endo) /usr/bin/python3 -W ignore:setup.py install is deprecated -W ignore:easy_install command is deprecated setup.py egg_info --egg-base ../../build/infer build --build-base /home/akannan05/Desktop/endoscope/endoscope-camera/endo_ws/build/infer/build install --record /home/akannan05/Desktop/endoscope/endoscope-camera/endo_ws/build/infer/install.log --single-version-externally-managed install_data
[1.603s] DEBUG:colcon.colcon_core.event_handler.log_command:Invoked command in '/home/akannan05/Desktop/endoscope/endoscope-camera/endo_ws/src/infer' returned '0': DEBUGINFOD_URLS=https://debuginfod.ubuntu.com PS1=(endo) \[\e]0;\u@\h: \w\a\]${debian_chroot:+($debian_chroot)}\[\033[01;32m\]\u@\h\[\033[00m\]:\[\033[01;34m\]\w\[\033[00m\]\$ PYTHONPATH=/home/akannan05/Desktop/endoscope/endoscope-camera/endo_ws/build/infer/prefix_override:/usr/lib/python3/dist-packages/colcon_core/task/python/colcon_distutils_commands:/home/akannan05/Desktop/endoscope/endoscope-camera/endo_ws/install/infer/lib/python3.12/site-packages:${PYTHONPATH} VIRTUAL_ENV_PROMPT=(endo) /usr/bin/python3 -W ignore:setup.py install is deprecated -W ignore:easy_install command is deprecated setup.py egg_info --egg-base ../../build/infer build --build-base /home/akannan05/Desktop/endoscope/endoscope-camera/endo_ws/build/infer/build install --record /home/akannan05/Desktop/endoscope/endoscope-camera/endo_ws/build/infer/install.log --single-version-externally-managed install_data
[1.605s] Level 1:colcon.colcon_core.environment:checking '/home/akannan05/Desktop/endoscope/endoscope-camera/endo_ws/install/infer' for CMake module files
[1.605s] Level 1:colcon.colcon_core.environment:checking '/home/akannan05/Desktop/endoscope/endoscope-camera/endo_ws/install/infer' for CMake config files
[1.606s] Level 1:colcon.colcon_core.environment:checking '/home/akannan05/Desktop/endoscope/endoscope-camera/endo_ws/install/infer/lib'
[1.606s] Level 1:colcon.colcon_core.environment:checking '/home/akannan05/Desktop/endoscope/endoscope-camera/endo_ws/install/infer/bin'
[1.606s] Level 1:colcon.colcon_core.environment:checking '/home/akannan05/Desktop/endoscope/endoscope-camera/endo_ws/install/infer/lib/pkgconfig/infer.pc'
[1.606s] Level 1:colcon.colcon_core.environment:checking '/home/akannan05/Desktop/endoscope/endoscope-camera/endo_ws/install/infer/lib/python3.12/site-packages'
[1.606s] Level 1:colcon.colcon_core.shell:create_environment_hook('infer', 'pythonpath')
[1.607s] INFO:colcon.colcon_core.shell:Creating environment descriptor '/home/akannan05/Desktop/endoscope/endoscope-camera/endo_ws/install/infer/share/infer/hook/pythonpath.dsv'
[1.609s] INFO:colcon.colcon_core.shell:Creating environment hook '/home/akannan05/Desktop/endoscope/endoscope-camera/endo_ws/install/infer/share/infer/hook/pythonpath.sh'
[1.610s] Level 1:colcon.colcon_core.environment:checking '/home/akannan05/Desktop/endoscope/endoscope-camera/endo_ws/install/infer/bin'
[1.610s] Level 1:colcon.colcon_core.environment:create_environment_scripts_only(infer)
[1.610s] INFO:colcon.colcon_core.shell:Creating package descriptor '/home/akannan05/Desktop/endoscope/endoscope-camera/endo_ws/install/infer/share/infer/package.dsv'
[1.612s] INFO:colcon.colcon_core.shell:Creating package script '/home/akannan05/Desktop/endoscope/endoscope-camera/endo_ws/install/infer/share/infer/package.sh'
[1.613s] INFO:colcon.colcon_core.shell:Creating package script '/home/akannan05/Desktop/endoscope/endoscope-camera/endo_ws/install/infer/share/infer/package.bash'
[1.614s] INFO:colcon.colcon_core.shell:Creating package script '/home/akannan05/Desktop/endoscope/endoscope-camera/endo_ws/install/infer/share/infer/package.zsh'
[1.615s] Level 1:colcon.colcon_core.environment:create_file_with_runtime_dependencies(/home/akannan05/Desktop/endoscope/endoscope-camera/endo_ws/install/infer/share/colcon-core/packages/infer)
[1.620s] DEBUG:colcon.colcon_parallel_executor.executor.parallel:closing loop
[1.621s] DEBUG:colcon.colcon_parallel_executor.executor.parallel:loop closed
[1.621s] DEBUG:colcon.colcon_parallel_executor.executor.parallel:run_until_complete finished with '0'
[1.621s] DEBUG:colcon.colcon_core.event_reactor:joining thread
[1.625s] INFO:colcon.colcon_core.plugin_system:Skipping extension 'colcon_notification.desktop_notification.terminal_notifier': Not used on non-Darwin systems
[1.640s] INFO:colcon.colcon_core.plugin_system:Skipping extension 'colcon_notification.desktop_notification.win32': Not used on non-Windows systems
[1.640s] INFO:colcon.colcon_notification.desktop_notification:Sending desktop notification using 'notify2'
[1.659s] DEBUG:colcon.colcon_core.event_reactor:joined thread
[1.660s] INFO:colcon.colcon_core.shell:Creating prefix script '/home/akannan05/Desktop/endoscope/endoscope-camera/endo_ws/install/local_setup.sh'
[1.673s] INFO:colcon.colcon_core.shell:Creating prefix util module '/home/akannan05/Desktop/endoscope/endoscope-camera/endo_ws/install/_local_setup_util_sh.py'
[1.675s] INFO:colcon.colcon_core.shell:Creating prefix chain script '/home/akannan05/Desktop/endoscope/endoscope-camera/endo_ws/install/setup.sh'
[1.676s] INFO:colcon.colcon_core.shell:Creating prefix script '/home/akannan05/Desktop/endoscope/endoscope-camera/endo_ws/install/local_setup.bash'
[1.679s] INFO:colcon.colcon_core.shell:Creating prefix chain script '/home/akannan05/Desktop/endoscope/endoscope-camera/endo_ws/install/setup.bash'
[1.682s] INFO:colcon.colcon_core.shell:Creating prefix script '/home/akannan05/Desktop/endoscope/endoscope-camera/endo_ws/install/local_setup.zsh'
[1.683s] INFO:colcon.colcon_core.shell:Creating prefix chain script '/home/akannan05/Desktop/endoscope/endoscope-camera/endo_ws/install/setup.zsh'
