running egg_info
writing ../../build/infer/infer.egg-info/PKG-INFO
writing dependency_links to ../../build/infer/infer.egg-info/dependency_links.txt
writing entry points to ../../build/infer/infer.egg-info/entry_points.txt
writing requirements to ../../build/infer/infer.egg-info/requires.txt
writing top-level names to ../../build/infer/infer.egg-info/top_level.txt
reading manifest file '../../build/infer/infer.egg-info/SOURCES.txt'
writing manifest file '../../build/infer/infer.egg-info/SOURCES.txt'
running build
running build_py
copying infer/polyp_inference.py -> /home/akannan05/Desktop/endoscope/endoscope-camera/endo_ws/build/infer/build/lib/infer
running install
running install_lib
copying /home/akannan05/Desktop/endoscope/endoscope-camera/endo_ws/build/infer/build/lib/infer/polyp_inference.py -> /home/akannan05/Desktop/endoscope/endoscope-camera/endo_ws/install/infer/lib/python3.12/site-packages/infer
byte-compiling /home/akannan05/Desktop/endoscope/endoscope-camera/endo_ws/install/infer/lib/python3.12/site-packages/infer/polyp_inference.py to polyp_inference.cpython-312.pyc
running install_data
running install_egg_info
removing '/home/akannan05/Desktop/endoscope/endoscope-camera/endo_ws/install/infer/lib/python3.12/site-packages/infer-0.0.0-py3.12.egg-info' (and everything under it)
Copying ../../build/infer/infer.egg-info to /home/akannan05/Desktop/endoscope/endoscope-camera/endo_ws/install/infer/lib/python3.12/site-packages/infer-0.0.0-py3.12.egg-info
running install_scripts
Installing detector script to /home/akannan05/Desktop/endoscope/endoscope-camera/endo_ws/install/infer/lib/infer
writing list of installed files to '/home/akannan05/Desktop/endoscope/endoscope-camera/endo_ws/build/infer/install.log'
