[0.029s] Invoking command in '/home/akannan05/Desktop/endoscope/endoscope-camera/endo_ws/build/endofeed': CMAKE_PREFIX_PATH=${CMAKE_PREFIX_PATH}:/opt/ros/jazzy DEBUGINFOD_URLS=https://debuginfod.ubuntu.com /usr/bin/cmake --build /home/akannan05/Desktop/endoscope/endoscope-camera/endo_ws/build/endofeed -- -j1 -l1
[0.073s] -- Found ament_cmake: 2.5.3 (/opt/ros/jazzy/share/ament_cmake/cmake)
[0.559s] -- Found cv_bridge: 4.1.0 (/opt/ros/jazzy/share/cv_bridge/cmake)
[0.659s] -- Found rosidl_generator_c: 4.6.5 (/opt/ros/jazzy/share/rosidl_generator_c/cmake)
[0.679s] -- Found rosidl_generator_cpp: 4.6.5 (/opt/ros/jazzy/share/rosidl_generator_cpp/cmake)
[0.709s] -- Using all available rosidl_typesupport_c: rosidl_typesupport_fastrtps_c;rosidl_typesupport_introspection_c
[0.758s] -- Using all available rosidl_typesupport_cpp: rosidl_typesupport_fastrtps_cpp;rosidl_typesupport_introspection_cpp
[1.068s] -- Found rmw_implementation_cmake: 7.3.1 (/opt/ros/jazzy/share/rmw_implementation_cmake/cmake)
[1.073s] -- Found rmw_fastrtps_cpp: 8.4.1 (/opt/ros/jazzy/share/rmw_fastrtps_cpp/cmake)
[1.179s] -- Using RMW implementation 'rmw_fastrtps_cpp' as default
[1.323s] -- Found image_transport: 5.1.5 (/opt/ros/jazzy/share/image_transport/cmake)
[1.383s] -- Found ament_lint_auto: 0.17.1 (/opt/ros/jazzy/share/ament_lint_auto/cmake)
[1.529s] -- Added test 'copyright' to check source files copyright and LICENSE
[1.531s] -- Added test 'cppcheck' to perform static code analysis on C / C++ code
[1.531s] -- Configured cppcheck include dirs: /home/akannan05/Desktop/endoscope/endoscope-camera/endo_ws/src/endofeed/include
[1.531s] -- Configured cppcheck exclude dirs and/or files: 
[1.532s] -- Added test 'cpplint' to check C / C++ code against the Google style
[1.533s] -- Configured cpplint exclude dirs and/or files: 
[1.535s] -- Added test 'lint_cmake' to check CMake code style
[1.536s] -- Added test 'uncrustify' to check C / C++ code style
[1.537s] -- Configured uncrustify additional arguments: 
[1.537s] -- Added test 'xmllint' to check XML markup files
[1.543s] -- Configuring done (1.5s)
[1.598s] -- Generating done (0.0s)
[1.603s] -- Build files have been written to: /home/akannan05/Desktop/endoscope/endoscope-camera/endo_ws/build/endofeed
[1.699s] [ 50%] [32mBuilding CXX object CMakeFiles/publisher_endo_cam.dir/src/publisher_endo_cam.cpp.o[0m
[8.622s] [100%] [32m[1mLinking CXX executable publisher_endo_cam[0m
[9.935s] [100%] Built target publisher_endo_cam
[9.945s] Invoked command in '/home/akannan05/Desktop/endoscope/endoscope-camera/endo_ws/build/endofeed' returned '0': CMAKE_PREFIX_PATH=${CMAKE_PREFIX_PATH}:/opt/ros/jazzy DEBUGINFOD_URLS=https://debuginfod.ubuntu.com /usr/bin/cmake --build /home/akannan05/Desktop/endoscope/endoscope-camera/endo_ws/build/endofeed -- -j1 -l1
[9.956s] Invoking command in '/home/akannan05/Desktop/endoscope/endoscope-camera/endo_ws/build/endofeed': CMAKE_PREFIX_PATH=${CMAKE_PREFIX_PATH}:/opt/ros/jazzy DEBUGINFOD_URLS=https://debuginfod.ubuntu.com /usr/bin/cmake --install /home/akannan05/Desktop/endoscope/endoscope-camera/endo_ws/build/endofeed
[9.965s] -- Install configuration: ""
[9.970s] -- Installing: /home/akannan05/Desktop/endoscope/endoscope-camera/endo_ws/install/endofeed/lib/endofeed/publisher_endo_cam
[9.970s] -- Set non-toolchain portion of runtime path of "/home/akannan05/Desktop/endoscope/endoscope-camera/endo_ws/install/endofeed/lib/endofeed/publisher_endo_cam" to ""
[9.971s] -- Up-to-date: /home/akannan05/Desktop/endoscope/endoscope-camera/endo_ws/install/endofeed/include/endofeed
[9.971s] -- Up-to-date: /home/akannan05/Desktop/endoscope/endoscope-camera/endo_ws/install/endofeed/include/endofeed/endofeed
[9.972s] -- Up-to-date: /home/akannan05/Desktop/endoscope/endoscope-camera/endo_ws/install/endofeed/share/ament_index/resource_index/package_run_dependencies/endofeed
[9.973s] -- Up-to-date: /home/akannan05/Desktop/endoscope/endoscope-camera/endo_ws/install/endofeed/share/ament_index/resource_index/parent_prefix_path/endofeed
[9.973s] -- Up-to-date: /home/akannan05/Desktop/endoscope/endoscope-camera/endo_ws/install/endofeed/share/endofeed/environment/ament_prefix_path.sh
[9.973s] -- Up-to-date: /home/akannan05/Desktop/endoscope/endoscope-camera/endo_ws/install/endofeed/share/endofeed/environment/ament_prefix_path.dsv
[9.973s] -- Up-to-date: /home/akannan05/Desktop/endoscope/endoscope-camera/endo_ws/install/endofeed/share/endofeed/environment/path.sh
[9.973s] -- Up-to-date: /home/akannan05/Desktop/endoscope/endoscope-camera/endo_ws/install/endofeed/share/endofeed/environment/path.dsv
[9.973s] -- Up-to-date: /home/akannan05/Desktop/endoscope/endoscope-camera/endo_ws/install/endofeed/share/endofeed/local_setup.bash
[9.973s] -- Up-to-date: /home/akannan05/Desktop/endoscope/endoscope-camera/endo_ws/install/endofeed/share/endofeed/local_setup.sh
[9.973s] -- Up-to-date: /home/akannan05/Desktop/endoscope/endoscope-camera/endo_ws/install/endofeed/share/endofeed/local_setup.zsh
[9.973s] -- Up-to-date: /home/akannan05/Desktop/endoscope/endoscope-camera/endo_ws/install/endofeed/share/endofeed/local_setup.dsv
[9.974s] -- Installing: /home/akannan05/Desktop/endoscope/endoscope-camera/endo_ws/install/endofeed/share/endofeed/package.dsv
[9.974s] -- Up-to-date: /home/akannan05/Desktop/endoscope/endoscope-camera/endo_ws/install/endofeed/share/ament_index/resource_index/packages/endofeed
[9.975s] -- Up-to-date: /home/akannan05/Desktop/endoscope/endoscope-camera/endo_ws/install/endofeed/share/endofeed/cmake/ament_cmake_export_include_directories-extras.cmake
[9.975s] -- Up-to-date: /home/akannan05/Desktop/endoscope/endoscope-camera/endo_ws/install/endofeed/share/endofeed/cmake/ament_cmake_export_dependencies-extras.cmake
[9.975s] -- Up-to-date: /home/akannan05/Desktop/endoscope/endoscope-camera/endo_ws/install/endofeed/share/endofeed/cmake/endofeedConfig.cmake
[9.976s] -- Up-to-date: /home/akannan05/Desktop/endoscope/endoscope-camera/endo_ws/install/endofeed/share/endofeed/cmake/endofeedConfig-version.cmake
[9.976s] -- Up-to-date: /home/akannan05/Desktop/endoscope/endoscope-camera/endo_ws/install/endofeed/share/endofeed/package.xml
[9.977s] Invoked command in '/home/akannan05/Desktop/endoscope/endoscope-camera/endo_ws/build/endofeed' returned '0': CMAKE_PREFIX_PATH=${CMAKE_PREFIX_PATH}:/opt/ros/jazzy DEBUGINFOD_URLS=https://debuginfod.ubuntu.com /usr/bin/cmake --install /home/akannan05/Desktop/endoscope/endoscope-camera/endo_ws/build/endofeed
