[0.128s] DEBUG:colcon:Command line arguments: ['/usr/bin/colcon', 'build']
[0.128s] DEBUG:colcon:Parsed command line arguments: Namespace(log_base=None, log_level=None, verb_name='build', build_base='build', install_base='install', merge_install=False, symlink_install=False, test_result_base=None, continue_on_error=False, executor='parallel', parallel_workers=1, event_handlers=None, ignore_user_meta=False, metas=['./colcon.meta'], base_paths=['.'], packages_ignore=None, packages_ignore_regex=None, paths=None, packages_up_to=None, packages_up_to_regex=None, packages_above=None, packages_above_and_dependencies=None, packages_above_depth=None, packages_select_by_dep=None, packages_skip_by_dep=None, packages_skip_up_to=None, packages_select_build_failed=False, packages_skip_build_finished=False, packages_select_test_failures=False, packages_skip_test_passed=False, packages_select=None, packages_skip=None, packages_select_regex=None, packages_skip_regex=None, packages_start=None, packages_end=None, cmake_args=None, cmake_target=None, cmake_target_skip_unavailable=False, cmake_clean_cache=False, cmake_clean_first=False, cmake_force_configure=False, ament_cmake_args=None, catkin_cmake_args=None, catkin_skip_building_tests=False, verb_parser=<colcon_defaults.argument_parser.defaults.DefaultArgumentsDecorator object at 0x70afad3faa50>, verb_extension=<colcon_core.verb.build.BuildVerb object at 0x70afad327140>, main=<bound method BuildVerb.main of <colcon_core.verb.build.BuildVerb object at 0x70afad327140>>)
[0.181s] Level 1:colcon.colcon_core.package_discovery:discover_packages(colcon_meta) check parameters
[0.181s] Level 1:colcon.colcon_core.package_discovery:discover_packages(recursive) check parameters
[0.181s] Level 1:colcon.colcon_core.package_discovery:discover_packages(ignore) check parameters
[0.181s] Level 1:colcon.colcon_core.package_discovery:discover_packages(path) check parameters
[0.181s] Level 1:colcon.colcon_core.package_discovery:discover_packages(colcon_meta) discover
[0.181s] Level 1:colcon.colcon_core.package_discovery:discover_packages(recursive) discover
[0.181s] INFO:colcon.colcon_core.package_discovery:Crawling recursively for packages in '/home/akannan05/Desktop/endoscope/endoscope-camera/endo_ws'
[0.181s] Level 1:colcon.colcon_core.package_identification:_identify(.) by extensions ['ignore', 'ignore_ament_install']
[0.181s] Level 1:colcon.colcon_core.package_identification:_identify(.) by extension 'ignore'
[0.181s] Level 1:colcon.colcon_core.package_identification:_identify(.) by extension 'ignore_ament_install'
[0.181s] Level 1:colcon.colcon_core.package_identification:_identify(.) by extensions ['colcon_pkg']
[0.181s] Level 1:colcon.colcon_core.package_identification:_identify(.) by extension 'colcon_pkg'
[0.181s] Level 1:colcon.colcon_core.package_identification:_identify(.) by extensions ['colcon_meta']
[0.181s] Level 1:colcon.colcon_core.package_identification:_identify(.) by extension 'colcon_meta'
[0.182s] Level 1:colcon.colcon_core.package_identification:_identify(.) by extensions ['ros']
[0.182s] Level 1:colcon.colcon_core.package_identification:_identify(.) by extension 'ros'
[0.217s] Level 1:colcon.colcon_core.package_identification:_identify(.) by extensions ['cmake', 'python']
[0.217s] Level 1:colcon.colcon_core.package_identification:_identify(.) by extension 'cmake'
[0.218s] Level 1:colcon.colcon_core.package_identification:_identify(.) by extension 'python'
[0.218s] Level 1:colcon.colcon_core.package_identification:_identify(.) by extensions ['python_setup_py']
[0.218s] Level 1:colcon.colcon_core.package_identification:_identify(.) by extension 'python_setup_py'
[0.218s] Level 1:colcon.colcon_core.package_identification:_identify(build) by extensions ['ignore', 'ignore_ament_install']
[0.218s] Level 1:colcon.colcon_core.package_identification:_identify(build) by extension 'ignore'
[0.218s] Level 1:colcon.colcon_core.package_identification:_identify(build) ignored
[0.218s] Level 1:colcon.colcon_core.package_identification:_identify(install) by extensions ['ignore', 'ignore_ament_install']
[0.218s] Level 1:colcon.colcon_core.package_identification:_identify(install) by extension 'ignore'
[0.218s] Level 1:colcon.colcon_core.package_identification:_identify(install) ignored
[0.218s] Level 1:colcon.colcon_core.package_identification:_identify(log) by extensions ['ignore', 'ignore_ament_install']
[0.218s] Level 1:colcon.colcon_core.package_identification:_identify(log) by extension 'ignore'
[0.218s] Level 1:colcon.colcon_core.package_identification:_identify(log) ignored
[0.218s] Level 1:colcon.colcon_core.package_identification:_identify(src) by extensions ['ignore', 'ignore_ament_install']
[0.218s] Level 1:colcon.colcon_core.package_identification:_identify(src) by extension 'ignore'
[0.218s] Level 1:colcon.colcon_core.package_identification:_identify(src) by extension 'ignore_ament_install'
[0.219s] Level 1:colcon.colcon_core.package_identification:_identify(src) by extensions ['colcon_pkg']
[0.219s] Level 1:colcon.colcon_core.package_identification:_identify(src) by extension 'colcon_pkg'
[0.219s] Level 1:colcon.colcon_core.package_identification:_identify(src) by extensions ['colcon_meta']
[0.219s] Level 1:colcon.colcon_core.package_identification:_identify(src) by extension 'colcon_meta'
[0.219s] Level 1:colcon.colcon_core.package_identification:_identify(src) by extensions ['ros']
[0.219s] Level 1:colcon.colcon_core.package_identification:_identify(src) by extension 'ros'
[0.219s] Level 1:colcon.colcon_core.package_identification:_identify(src) by extensions ['cmake', 'python']
[0.219s] Level 1:colcon.colcon_core.package_identification:_identify(src) by extension 'cmake'
[0.219s] Level 1:colcon.colcon_core.package_identification:_identify(src) by extension 'python'
[0.219s] Level 1:colcon.colcon_core.package_identification:_identify(src) by extensions ['python_setup_py']
[0.219s] Level 1:colcon.colcon_core.package_identification:_identify(src) by extension 'python_setup_py'
[0.219s] Level 1:colcon.colcon_core.package_identification:_identify(src/endofeed) by extensions ['ignore', 'ignore_ament_install']
[0.219s] Level 1:colcon.colcon_core.package_identification:_identify(src/endofeed) by extension 'ignore'
[0.219s] Level 1:colcon.colcon_core.package_identification:_identify(src/endofeed) by extension 'ignore_ament_install'
[0.219s] Level 1:colcon.colcon_core.package_identification:_identify(src/endofeed) by extensions ['colcon_pkg']
[0.219s] Level 1:colcon.colcon_core.package_identification:_identify(src/endofeed) by extension 'colcon_pkg'
[0.219s] Level 1:colcon.colcon_core.package_identification:_identify(src/endofeed) by extensions ['colcon_meta']
[0.219s] Level 1:colcon.colcon_core.package_identification:_identify(src/endofeed) by extension 'colcon_meta'
[0.219s] Level 1:colcon.colcon_core.package_identification:_identify(src/endofeed) by extensions ['ros']
[0.219s] Level 1:colcon.colcon_core.package_identification:_identify(src/endofeed) by extension 'ros'
[0.222s] DEBUG:colcon.colcon_core.package_identification:Package 'src/endofeed' with type 'ros.ament_cmake' and name 'endofeed'
[0.222s] Level 1:colcon.colcon_core.package_discovery:discover_packages(recursive) using defaults
[0.222s] Level 1:colcon.colcon_core.package_discovery:discover_packages(ignore) discover
[0.222s] Level 1:colcon.colcon_core.package_discovery:discover_packages(ignore) using defaults
[0.222s] Level 1:colcon.colcon_core.package_discovery:discover_packages(path) discover
[0.222s] Level 1:colcon.colcon_core.package_discovery:discover_packages(path) using defaults
[0.246s] Level 5:colcon.colcon_core.verb:set package 'endofeed' build argument 'cmake_args' from command line to 'None'
[0.246s] Level 5:colcon.colcon_core.verb:set package 'endofeed' build argument 'cmake_target' from command line to 'None'
[0.246s] Level 5:colcon.colcon_core.verb:set package 'endofeed' build argument 'cmake_target_skip_unavailable' from command line to 'False'
[0.246s] Level 5:colcon.colcon_core.verb:set package 'endofeed' build argument 'cmake_clean_cache' from command line to 'False'
[0.247s] Level 5:colcon.colcon_core.verb:set package 'endofeed' build argument 'cmake_clean_first' from command line to 'False'
[0.247s] Level 5:colcon.colcon_core.verb:set package 'endofeed' build argument 'cmake_force_configure' from command line to 'False'
[0.247s] Level 5:colcon.colcon_core.verb:set package 'endofeed' build argument 'ament_cmake_args' from command line to 'None'
[0.247s] Level 5:colcon.colcon_core.verb:set package 'endofeed' build argument 'catkin_cmake_args' from command line to 'None'
[0.247s] Level 5:colcon.colcon_core.verb:set package 'endofeed' build argument 'catkin_skip_building_tests' from command line to 'False'
[0.247s] DEBUG:colcon.colcon_core.verb:Building package 'endofeed' with the following arguments: {'ament_cmake_args': None, 'build_base': '/home/akannan05/Desktop/endoscope/endoscope-camera/endo_ws/build/endofeed', 'catkin_cmake_args': None, 'catkin_skip_building_tests': False, 'cmake_args': None, 'cmake_clean_cache': False, 'cmake_clean_first': False, 'cmake_force_configure': False, 'cmake_target': None, 'cmake_target_skip_unavailable': False, 'install_base': '/home/akannan05/Desktop/endoscope/endoscope-camera/endo_ws/install/endofeed', 'merge_install': False, 'path': '/home/akannan05/Desktop/endoscope/endoscope-camera/endo_ws/src/endofeed', 'symlink_install': False, 'test_result_base': None}
[0.247s] INFO:colcon.colcon_core.executor:Executing jobs using 'parallel' executor
[0.259s] DEBUG:colcon.colcon_parallel_executor.executor.parallel:run_until_complete
[0.259s] INFO:colcon.colcon_ros.task.ament_cmake.build:Building ROS package in '/home/akannan05/Desktop/endoscope/endoscope-camera/endo_ws/src/endofeed' with build type 'ament_cmake'
[0.259s] INFO:colcon.colcon_cmake.task.cmake.build:Building CMake package in '/home/akannan05/Desktop/endoscope/endoscope-camera/endo_ws/src/endofeed'
[0.261s] INFO:colcon.colcon_core.plugin_system:Skipping extension 'colcon_core.shell.bat': Not used on non-Windows systems
[0.261s] DEBUG:colcon.colcon_core.shell:Skip shell extension 'dsv' for command environment
[0.301s] DEBUG:colcon.colcon_core.event_handler.log_command:Invoking command in '/home/akannan05/Desktop/endoscope/endoscope-camera/endo_ws/build/endofeed': CMAKE_PREFIX_PATH=${CMAKE_PREFIX_PATH}:/opt/ros/jazzy DEBUGINFOD_URLS=https://debuginfod.ubuntu.com /usr/bin/cmake --build /home/akannan05/Desktop/endoscope/endoscope-camera/endo_ws/build/endofeed -- -j1 -l1
[16.910s] DEBUG:colcon.colcon_core.event_handler.log_command:Invoked command in '/home/akannan05/Desktop/endoscope/endoscope-camera/endo_ws/build/endofeed' returned '0': CMAKE_PREFIX_PATH=${CMAKE_PREFIX_PATH}:/opt/ros/jazzy DEBUGINFOD_URLS=https://debuginfod.ubuntu.com /usr/bin/cmake --build /home/akannan05/Desktop/endoscope/endoscope-camera/endo_ws/build/endofeed -- -j1 -l1
[16.935s] DEBUG:colcon.colcon_core.event_handler.log_command:Invoking command in '/home/akannan05/Desktop/endoscope/endoscope-camera/endo_ws/build/endofeed': CMAKE_PREFIX_PATH=${CMAKE_PREFIX_PATH}:/opt/ros/jazzy DEBUGINFOD_URLS=https://debuginfod.ubuntu.com /usr/bin/cmake --install /home/akannan05/Desktop/endoscope/endoscope-camera/endo_ws/build/endofeed
[16.990s] Level 1:colcon.colcon_core.environment:create_environment_scripts_only(endofeed)
[16.991s] DEBUG:colcon.colcon_core.event_handler.log_command:Invoked command in '/home/akannan05/Desktop/endoscope/endoscope-camera/endo_ws/build/endofeed' returned '0': CMAKE_PREFIX_PATH=${CMAKE_PREFIX_PATH}:/opt/ros/jazzy DEBUGINFOD_URLS=https://debuginfod.ubuntu.com /usr/bin/cmake --install /home/akannan05/Desktop/endoscope/endoscope-camera/endo_ws/build/endofeed
[16.993s] Level 1:colcon.colcon_core.environment:checking '/home/akannan05/Desktop/endoscope/endoscope-camera/endo_ws/install/endofeed' for CMake module files
[16.994s] Level 1:colcon.colcon_core.environment:checking '/home/akannan05/Desktop/endoscope/endoscope-camera/endo_ws/install/endofeed' for CMake config files
[16.994s] Level 1:colcon.colcon_core.shell:create_environment_hook('endofeed', 'cmake_prefix_path')
[16.994s] INFO:colcon.colcon_core.shell:Creating environment descriptor '/home/akannan05/Desktop/endoscope/endoscope-camera/endo_ws/install/endofeed/share/endofeed/hook/cmake_prefix_path.dsv'
[17.010s] INFO:colcon.colcon_core.shell:Creating environment hook '/home/akannan05/Desktop/endoscope/endoscope-camera/endo_ws/install/endofeed/share/endofeed/hook/cmake_prefix_path.sh'
[17.013s] Level 1:colcon.colcon_core.environment:checking '/home/akannan05/Desktop/endoscope/endoscope-camera/endo_ws/install/endofeed/lib'
[17.013s] Level 1:colcon.colcon_core.environment:checking '/home/akannan05/Desktop/endoscope/endoscope-camera/endo_ws/install/endofeed/bin'
[17.013s] Level 1:colcon.colcon_core.environment:checking '/home/akannan05/Desktop/endoscope/endoscope-camera/endo_ws/install/endofeed/lib/pkgconfig/endofeed.pc'
[17.015s] Level 1:colcon.colcon_core.environment:checking '/home/akannan05/Desktop/endoscope/endoscope-camera/endo_ws/install/endofeed/lib/python3.12/site-packages'
[17.016s] Level 1:colcon.colcon_core.environment:checking '/home/akannan05/Desktop/endoscope/endoscope-camera/endo_ws/install/endofeed/bin'
[17.016s] INFO:colcon.colcon_core.shell:Creating package descriptor '/home/akannan05/Desktop/endoscope/endoscope-camera/endo_ws/install/endofeed/share/endofeed/package.dsv'
[17.025s] INFO:colcon.colcon_core.shell:Creating package script '/home/akannan05/Desktop/endoscope/endoscope-camera/endo_ws/install/endofeed/share/endofeed/package.sh'
[17.042s] INFO:colcon.colcon_core.shell:Creating package script '/home/akannan05/Desktop/endoscope/endoscope-camera/endo_ws/install/endofeed/share/endofeed/package.bash'
[17.045s] INFO:colcon.colcon_core.shell:Creating package script '/home/akannan05/Desktop/endoscope/endoscope-camera/endo_ws/install/endofeed/share/endofeed/package.zsh'
[17.062s] Level 1:colcon.colcon_core.environment:create_file_with_runtime_dependencies(/home/akannan05/Desktop/endoscope/endoscope-camera/endo_ws/install/endofeed/share/colcon-core/packages/endofeed)
[17.063s] Level 1:colcon.colcon_core.environment:create_environment_scripts_only(endofeed)
[17.063s] Level 1:colcon.colcon_core.environment:checking '/home/akannan05/Desktop/endoscope/endoscope-camera/endo_ws/install/endofeed' for CMake module files
[17.063s] Level 1:colcon.colcon_core.environment:checking '/home/akannan05/Desktop/endoscope/endoscope-camera/endo_ws/install/endofeed' for CMake config files
[17.064s] Level 1:colcon.colcon_core.shell:create_environment_hook('endofeed', 'cmake_prefix_path')
[17.064s] INFO:colcon.colcon_core.shell:Creating environment descriptor '/home/akannan05/Desktop/endoscope/endoscope-camera/endo_ws/install/endofeed/share/endofeed/hook/cmake_prefix_path.dsv'
[17.065s] INFO:colcon.colcon_core.shell:Creating environment hook '/home/akannan05/Desktop/endoscope/endoscope-camera/endo_ws/install/endofeed/share/endofeed/hook/cmake_prefix_path.sh'
[17.067s] Level 1:colcon.colcon_core.environment:checking '/home/akannan05/Desktop/endoscope/endoscope-camera/endo_ws/install/endofeed/lib'
[17.067s] Level 1:colcon.colcon_core.environment:checking '/home/akannan05/Desktop/endoscope/endoscope-camera/endo_ws/install/endofeed/bin'
[17.067s] Level 1:colcon.colcon_core.environment:checking '/home/akannan05/Desktop/endoscope/endoscope-camera/endo_ws/install/endofeed/lib/pkgconfig/endofeed.pc'
[17.067s] Level 1:colcon.colcon_core.environment:checking '/home/akannan05/Desktop/endoscope/endoscope-camera/endo_ws/install/endofeed/lib/python3.12/site-packages'
[17.067s] Level 1:colcon.colcon_core.environment:checking '/home/akannan05/Desktop/endoscope/endoscope-camera/endo_ws/install/endofeed/bin'
[17.067s] INFO:colcon.colcon_core.shell:Creating package descriptor '/home/akannan05/Desktop/endoscope/endoscope-camera/endo_ws/install/endofeed/share/endofeed/package.dsv'
[17.070s] INFO:colcon.colcon_core.shell:Creating package script '/home/akannan05/Desktop/endoscope/endoscope-camera/endo_ws/install/endofeed/share/endofeed/package.sh'
[17.083s] INFO:colcon.colcon_core.shell:Creating package script '/home/akannan05/Desktop/endoscope/endoscope-camera/endo_ws/install/endofeed/share/endofeed/package.bash'
[17.085s] INFO:colcon.colcon_core.shell:Creating package script '/home/akannan05/Desktop/endoscope/endoscope-camera/endo_ws/install/endofeed/share/endofeed/package.zsh'
[17.086s] Level 1:colcon.colcon_core.environment:create_file_with_runtime_dependencies(/home/akannan05/Desktop/endoscope/endoscope-camera/endo_ws/install/endofeed/share/colcon-core/packages/endofeed)
[17.088s] DEBUG:colcon.colcon_parallel_executor.executor.parallel:closing loop
[17.088s] DEBUG:colcon.colcon_parallel_executor.executor.parallel:loop closed
[17.088s] DEBUG:colcon.colcon_parallel_executor.executor.parallel:run_until_complete finished with '0'
[17.088s] DEBUG:colcon.colcon_core.event_reactor:joining thread
[17.119s] INFO:colcon.colcon_core.plugin_system:Skipping extension 'colcon_notification.desktop_notification.terminal_notifier': Not used on non-Darwin systems
[17.119s] INFO:colcon.colcon_core.plugin_system:Skipping extension 'colcon_notification.desktop_notification.win32': Not used on non-Windows systems
[17.119s] INFO:colcon.colcon_notification.desktop_notification:Sending desktop notification using 'notify2'
[17.185s] DEBUG:colcon.colcon_core.event_reactor:joined thread
[17.186s] INFO:colcon.colcon_core.shell:Creating prefix script '/home/akannan05/Desktop/endoscope/endoscope-camera/endo_ws/install/local_setup.sh'
[17.190s] INFO:colcon.colcon_core.shell:Creating prefix util module '/home/akannan05/Desktop/endoscope/endoscope-camera/endo_ws/install/_local_setup_util_sh.py'
[17.195s] INFO:colcon.colcon_core.shell:Creating prefix chain script '/home/akannan05/Desktop/endoscope/endoscope-camera/endo_ws/install/setup.sh'
[17.207s] INFO:colcon.colcon_core.shell:Creating prefix script '/home/akannan05/Desktop/endoscope/endoscope-camera/endo_ws/install/local_setup.bash'
[17.209s] INFO:colcon.colcon_core.shell:Creating prefix chain script '/home/akannan05/Desktop/endoscope/endoscope-camera/endo_ws/install/setup.bash'
[17.210s] INFO:colcon.colcon_core.shell:Creating prefix script '/home/akannan05/Desktop/endoscope/endoscope-camera/endo_ws/install/local_setup.zsh'
[17.211s] INFO:colcon.colcon_core.shell:Creating prefix chain script '/home/akannan05/Desktop/endoscope/endoscope-camera/endo_ws/install/setup.zsh'
