[0.038s] Invoking command in '/home/akannan05/Desktop/endoscope/endoscope-camera/endo_ws/build/endofeed': CMAKE_PREFIX_PATH=${CMAKE_PREFIX_PATH}:/opt/ros/jazzy DEBUGINFOD_URLS=https://debuginfod.ubuntu.com /usr/bin/cmake /home/akannan05/Desktop/endoscope/endoscope-camera/endo_ws/src/endofeed -DCMAKE_INSTALL_PREFIX=/home/akannan05/Desktop/endoscope/endoscope-camera/endo_ws/install/endofeed
[1.074s] -- The C compiler identification is GNU 13.3.0
[1.686s] -- The CXX compiler identification is GNU 13.3.0
[1.789s] -- Detecting C compiler ABI info
[2.183s] -- Detecting C compiler ABI info - done
[2.210s] -- Check for working C compiler: /usr/bin/cc - skipped
[2.214s] -- Detecting C compile features
[2.216s] -- Detecting C compile features - done
[2.254s] -- Detecting CXX compiler ABI info
[2.652s] -- Detecting CXX compiler ABI info - done
[2.662s] -- Check for working CXX compiler: /usr/bin/c++ - skipped
[2.663s] -- Detecting CXX compile features
[2.663s] -- Detecting CXX compile features - done
[2.696s] -- Found ament_cmake: 2.5.3 (/opt/ros/jazzy/share/ament_cmake/cmake)
[3.129s] -- Found Python3: /usr/bin/python3 (found version "3.12.3") found components: Interpreter 
[3.571s] -- Found cv_bridge: 4.1.0 (/opt/ros/jazzy/share/cv_bridge/cmake)
[3.855s] -- Found rosidl_generator_c: 4.6.5 (/opt/ros/jazzy/share/rosidl_generator_c/cmake)
[3.889s] -- Found rosidl_generator_cpp: 4.6.5 (/opt/ros/jazzy/share/rosidl_generator_cpp/cmake)
[4.001s] -- Using all available rosidl_typesupport_c: rosidl_typesupport_fastrtps_c;rosidl_typesupport_introspection_c
[4.081s] -- Using all available rosidl_typesupport_cpp: rosidl_typesupport_fastrtps_cpp;rosidl_typesupport_introspection_cpp
[4.691s] -- Found rmw_implementation_cmake: 7.3.1 (/opt/ros/jazzy/share/rmw_implementation_cmake/cmake)
[4.702s] -- Found rmw_fastrtps_cpp: 8.4.1 (/opt/ros/jazzy/share/rmw_fastrtps_cpp/cmake)
[5.123s] -- Found OpenSSL: /usr/lib/x86_64-linux-gnu/libcrypto.so (found version "3.0.13")  
[5.179s] -- Found FastRTPS: /opt/ros/jazzy/include (Required is at least version "2.13") 
[5.238s] -- Using RMW implementation 'rmw_fastrtps_cpp' as default
[5.621s] -- Found image_transport: 5.1.5 (/opt/ros/jazzy/share/image_transport/cmake)
[5.741s] -- Found OpenCV: /usr (found version "4.6.0") found components: highgui videoio 
[5.746s] [31mCMake Error at CMakeLists.txt:20 (target_link_libraries):
[5.746s]   Cannot specify link libraries for target "publisher_endo_cam" which is not
[5.746s]   built by this project.
[5.754s] -- Configuring incomplete, errors occurred!
[5.757s] 
[5.757s] [0m
[5.769s] Invoked command in '/home/akannan05/Desktop/endoscope/endoscope-camera/endo_ws/build/endofeed' returned '1': CMAKE_PREFIX_PATH=${CMAKE_PREFIX_PATH}:/opt/ros/jazzy DEBUGINFOD_URLS=https://debuginfod.ubuntu.com /usr/bin/cmake /home/akannan05/Desktop/endoscope/endoscope-camera/endo_ws/src/endofeed -DCMAKE_INSTALL_PREFIX=/home/akannan05/Desktop/endoscope/endoscope-camera/endo_ws/install/endofeed
